{"name": "Тестирование функционала подтверждения действий при удалении файлов и каталогов -- @1.1 Версии сайтов", "status": "broken", "statusDetails": {"message": "selenium.common.exceptions.NoSuchWindowException: Message: no such window: target window already closed\nfrom unknown error: web view not found\n  (Session info: chrome=130.0.6723.70)\nStacktrace:\n\tGetHandleVerifier [0x00007FF65DDA3AB5+28005]\n\t(No symbol) [0x00007FF65DD083B0]\n\t(No symbol) [0x00007FF65DBA580A]\n\t(No symbol) [0x00007FF65DB7FA85]\n\t(No symbol) [0x00007FF65DC22AD7]\n\t(No symbol) [0x00007FF65DC3B1B1]\n\t(No symbol) [0x00007FF65DC1B7E3]\n\t(No symbol) [0x00007FF65DBE75C8]\n\t(No symbol) [0x00007FF65DBE8731]\n\tGetHandleVerifier [0x00007FF65E09643D+3118829]\n\tGetHandleVerifier [0x00007FF65E0E6C90+3448640]\n\tGetHandleVerifier [0x00007FF65E0DCF0D+3408317]\n\tGetHandleVerifier [0x00007FF65DE6A40B+841403]\n\t(No symbol) [0x00007FF65DD1340F]\n\t(No symbol) [0x00007FF65DD0F484]\n\t(No symbol) [0x00007FF65DD0F61D]\n\t(No symbol) [0x00007FF65DCFEB79]\n\tBaseThreadInitThunk [0x00007FFF6F1F7374+20]\n\tRtlUserThreadStart [0x00007FFF70CBCC91+33]\n\n", "trace": "  File \"C:\\Users\\Uncle_Faster\\PycharmProjects\\pythonProject2\\.venv\\Lib\\site-packages\\behave\\model.py\", line 1329, in run\n    match.run(runner.context)\n  File \"C:\\Users\\Uncle_Faster\\PycharmProjects\\pythonProject2\\.venv\\Lib\\site-packages\\behave\\matchers.py\", line 98, in run\n    self.func(context, *args, **kwargs)\n  File \"features\\steps\\delete_window.py\", line 16, in step_impl\n    context.driver.maximize_window()\n  File \"C:\\Users\\Uncle_Faster\\PycharmProjects\\pythonProject2\\.venv\\Lib\\site-packages\\selenium\\webdriver\\remote\\webdriver.py\", line 506, in maximize_window\n    self.execute(command, None)\n  File \"C:\\Users\\Uncle_Faster\\PycharmProjects\\pythonProject2\\.venv\\Lib\\site-packages\\selenium\\webdriver\\remote\\webdriver.py\", line 354, in execute\n    self.error_handler.check_response(response)\n  File \"C:\\Users\\Uncle_Faster\\PycharmProjects\\pythonProject2\\.venv\\Lib\\site-packages\\selenium\\webdriver\\remote\\errorhandler.py\", line 229, in check_response\n    raise exception_class(message, screen, stacktrace)\n"}, "steps": [{"name": "Given Открываем \"https://test-disk.promo.astradisk.ru/login\"", "status": "broken", "statusDetails": {"message": "selenium.common.exceptions.NoSuchWindowException: Message: no such window: target window already closed\nfrom unknown error: web view not found\n  (Session info: chrome=130.0.6723.70)\nStacktrace:\n\tGetHandleVerifier [0x00007FF65DDA3AB5+28005]\n\t(No symbol) [0x00007FF65DD083B0]\n\t(No symbol) [0x00007FF65DBA580A]\n\t(No symbol) [0x00007FF65DB7FA85]\n\t(No symbol) [0x00007FF65DC22AD7]\n\t(No symbol) [0x00007FF65DC3B1B1]\n\t(No symbol) [0x00007FF65DC1B7E3]\n\t(No symbol) [0x00007FF65DBE75C8]\n\t(No symbol) [0x00007FF65DBE8731]\n\tGetHandleVerifier [0x00007FF65E09643D+3118829]\n\tGetHandleVerifier [0x00007FF65E0E6C90+3448640]\n\tGetHandleVerifier [0x00007FF65E0DCF0D+3408317]\n\tGetHandleVerifier [0x00007FF65DE6A40B+841403]\n\t(No symbol) [0x00007FF65DD1340F]\n\t(No symbol) [0x00007FF65DD0F484]\n\t(No symbol) [0x00007FF65DD0F61D]\n\t(No symbol) [0x00007FF65DCFEB79]\n\tBaseThreadInitThunk [0x00007FFF6F1F7374+20]\n\tRtlUserThreadStart [0x00007FFF70CBCC91+33]\n\n", "trace": "  File \"C:\\Users\\Uncle_Faster\\PycharmProjects\\pythonProject2\\.venv\\Lib\\site-packages\\behave\\model.py\", line 1329, in run\n    match.run(runner.context)\n  File \"C:\\Users\\Uncle_Faster\\PycharmProjects\\pythonProject2\\.venv\\Lib\\site-packages\\behave\\matchers.py\", line 98, in run\n    self.func(context, *args, **kwargs)\n  File \"features\\steps\\delete_window.py\", line 16, in step_impl\n    context.driver.maximize_window()\n  File \"C:\\Users\\Uncle_Faster\\PycharmProjects\\pythonProject2\\.venv\\Lib\\site-packages\\selenium\\webdriver\\remote\\webdriver.py\", line 506, in maximize_window\n    self.execute(command, None)\n  File \"C:\\Users\\Uncle_Faster\\PycharmProjects\\pythonProject2\\.venv\\Lib\\site-packages\\selenium\\webdriver\\remote\\webdriver.py\", line 354, in execute\n    self.error_handler.check_response(response)\n  File \"C:\\Users\\Uncle_Faster\\PycharmProjects\\pythonProject2\\.venv\\Lib\\site-packages\\selenium\\webdriver\\remote\\errorhandler.py\", line 229, in check_response\n    raise exception_class(message, screen, stacktrace)\n"}, "start": 1730225996586, "stop": 1730226022559}, {"name": "Then Вводим в поле \"Учётная запись или адрес эл. почты\" текст \"mazenov\"", "status": "skipped", "start": 1730226022560, "stop": 1730226022560}, {"name": "Then Вводим в поле \"Пароль\" текст \"Ohjiu4biohieph3eWaiPho\"", "status": "skipped", "start": 1730226022560, "stop": 1730226022560}, {"name": "Then Нажимаем кнопку \"Войти\"", "status": "skipped", "start": 1730226022560, "stop": 1730226022560}, {"name": "Then Загружаем тестовый файлы", "status": "skipped", "start": 1730226022560, "stop": 1730226022560}, {"name": "Then Нажимаем кнопку \"Новый\"", "status": "skipped", "start": 1730226022560, "stop": 1730226022560}, {"name": "Then Нажимаем кнопку \"Новая папка\"", "status": "skipped", "start": 1730226022560, "stop": 1730226022560}, {"name": "Then Создаем новую папку с названием \"Новая папка\"", "status": "skipped", "start": 1730226022560, "stop": 1730226022560}, {"name": "Then Выбираем все файлы к удалению", "status": "skipped", "start": 1730226022560, "stop": 1730226022560}, {"name": "Then Нажимаем кнопку \"Действия\"", "status": "skipped", "start": 1730226022560, "stop": 1730226022560}, {"name": "Then Нажимаем кнопку \"Удалить\"", "status": "skipped", "start": 1730226022560, "stop": 1730226022560}, {"name": "Then Появляется окно \"подтверждения действий при удалении\"", "status": "skipped", "start": 1730226022560, "stop": 1730226022560}], "parameters": [{"name": "page", "value": "https://test-disk.promo.astradisk.ru/login"}], "start": 1730225996586, "stop": 1730226022560, "uuid": "14f31d73-45ed-43c7-b285-60a662d31519", "historyId": "3ea01ed5b1ee9a7a08e82e255895ed53", "fullName": "Тестирование функционала подтверждения действий при удалении файлов и каталогов.: Тестирование функционала подтверждения действий при удалении файлов и каталогов", "labels": [{"name": "severity", "value": "normal"}, {"name": "feature", "value": "Тестирование функционала подтверждения действий при удалении файлов и каталогов."}, {"name": "framework", "value": "behave"}, {"name": "language", "value": "cpython3"}]}